This is XeTeX, Version 3.141592653-2.6-0.999997 (TeX Live 2025) (preloaded format=xelatex 2025.3.31)  6 APR 2025 19:53
entering extended mode
 restricted \write18 enabled.
 %&-line parsing enabled.
**summary_stats_all.tex
(./summary_stats_all.tex
LaTeX2e <2024-11-01> patch level 2
L3 programming layer <2025-01-18>
(/Users/user/Library/TinyTeX/texmf-dist/tex/latex/base/article.cls
Document Class: article 2024/06/29 v1.4n Standard LaTeX document class
(/Users/user/Library/TinyTeX/texmf-dist/tex/latex/base/size10.clo
File: size10.clo 2024/06/29 v1.4n Standard LaTeX file (size option)
)
\c@part=\count192
\c@section=\count193
\c@subsection=\count194
\c@subsubsection=\count195
\c@paragraph=\count196
\c@subparagraph=\count197
\c@figure=\count198
\c@table=\count199
\abovecaptionskip=\skip49
\belowcaptionskip=\skip50
\bibindent=\dimen141
) (/Users/user/Library/TinyTeX/texmf-dist/tex/latex/amsmath/amsmath.sty
Package: amsmath 2024/11/05 v2.17t AMS math features
\@mathmargin=\skip51
For additional information on amsmath, use the `?' option.
(/Users/user/Library/TinyTeX/texmf-dist/tex/latex/amsmath/amstext.sty
Package: amstext 2021/08/26 v2.01 AMS text
(/Users/user/Library/TinyTeX/texmf-dist/tex/latex/amsmath/amsgen.sty
File: amsgen.sty 1999/11/30 v2.0 generic functions
\@emptytoks=\toks17
\ex@=\dimen142
)) (/Users/user/Library/TinyTeX/texmf-dist/tex/latex/amsmath/amsbsy.sty
Package: amsbsy 1999/11/29 v1.2d Bold Symbols
\pmbraise@=\dimen143
) (/Users/user/Library/TinyTeX/texmf-dist/tex/latex/amsmath/amsopn.sty
Package: amsopn 2022/04/08 v2.04 operator names
)
\inf@bad=\count266
LaTeX Info: Redefining \frac on input line 233.
\uproot@=\count267
\leftroot@=\count268
LaTeX Info: Redefining \overline on input line 398.
LaTeX Info: Redefining \colon on input line 409.
\classnum@=\count269
\DOTSCASE@=\count270
LaTeX Info: Redefining \ldots on input line 495.
LaTeX Info: Redefining \dots on input line 498.
LaTeX Info: Redefining \cdots on input line 619.
\Mathstrutbox@=\box52
\strutbox@=\box53
LaTeX Info: Redefining \big on input line 721.
LaTeX Info: Redefining \Big on input line 722.
LaTeX Info: Redefining \bigg on input line 723.
LaTeX Info: Redefining \Bigg on input line 724.
\big@size=\dimen144
LaTeX Font Info:    Redeclaring font encoding OML on input line 742.
LaTeX Font Info:    Redeclaring font encoding OMS on input line 743.
\macc@depth=\count271
LaTeX Info: Redefining \bmod on input line 904.
LaTeX Info: Redefining \pmod on input line 909.
LaTeX Info: Redefining \smash on input line 939.
LaTeX Info: Redefining \relbar on input line 969.
LaTeX Info: Redefining \Relbar on input line 970.
\c@MaxMatrixCols=\count272
\dotsspace@=\muskip17
\c@parentequation=\count273
\dspbrk@lvl=\count274
\tag@help=\toks18
\row@=\count275
\column@=\count276
\maxfields@=\count277
\andhelp@=\toks19
\eqnshift@=\dimen145
\alignsep@=\dimen146
\tagshift@=\dimen147
\tagwidth@=\dimen148
\totwidth@=\dimen149
\lineht@=\dimen150
\@envbody=\toks20
\multlinegap=\skip52
\multlinetaggap=\skip53
\mathdisplay@stack=\toks21
LaTeX Info: Redefining \[ on input line 2953.
LaTeX Info: Redefining \] on input line 2954.
) (/Users/user/Library/TinyTeX/texmf-dist/tex/latex/amsfonts/amssymb.sty
Package: amssymb 2013/01/14 v3.01 AMS font symbols
(/Users/user/Library/TinyTeX/texmf-dist/tex/latex/amsfonts/amsfonts.sty
Package: amsfonts 2013/01/14 v3.01 Basic AMSFonts support
\symAMSa=\mathgroup4
\symAMSb=\mathgroup5
LaTeX Font Info:    Redeclaring math symbol \hbar on input line 98.
LaTeX Font Info:    Overwriting math alphabet `\mathfrak' in version `bold'
(Font)                  U/euf/m/n --> U/euf/b/n on input line 106.
)) (/Users/user/Library/TinyTeX/texmf-dist/tex/generic/iftex/iftex.sty
Package: iftex 2024/12/12 v1.0g TeX engine tests
) (/Users/user/Library/TinyTeX/texmf-dist/tex/latex/unicode-math/unicode-math.sty (/Users/user/Library/TinyTeX/texmf-dist/tex/latex/l3kernel/expl3.sty
Package: expl3 2025-01-18 L3 programming layer (loader) 
(/Users/user/Library/TinyTeX/texmf-dist/tex/latex/l3backend/l3backend-xetex.def
File: l3backend-xetex.def 2024-05-08 L3 backend support: XeTeX
\g__graphics_track_int=\count278
\l__pdf_internal_box=\box54
\g__pdf_backend_annotation_int=\count279
\g__pdf_backend_link_int=\count280
))
Package: unicode-math 2023/08/13 v0.8r Unicode maths in XeLaTeX and LuaLaTeX
(/Users/user/Library/TinyTeX/texmf-dist/tex/latex/unicode-math/unicode-math-xetex.sty
Package: unicode-math-xetex 2023/08/13 v0.8r Unicode maths in XeLaTeX and LuaLaTeX
(/Users/user/Library/TinyTeX/texmf-dist/tex/latex/l3packages/xparse/xparse.sty
Package: xparse 2024-08-16 L3 Experimental document command parser
) (/Users/user/Library/TinyTeX/texmf-dist/tex/latex/l3packages/l3keys2e/l3keys2e.sty
Package: l3keys2e 2024-08-16 LaTeX2e option processing using LaTeX3 keys
) (/Users/user/Library/TinyTeX/texmf-dist/tex/latex/fontspec/fontspec.sty
Package: fontspec 2024/05/11 v2.9e Font selection for XeLaTeX and LuaLaTeX
(/Users/user/Library/TinyTeX/texmf-dist/tex/latex/fontspec/fontspec-xetex.sty
Package: fontspec-xetex 2024/05/11 v2.9e Font selection for XeLaTeX and LuaLaTeX
\l__fontspec_script_int=\count281
\l__fontspec_language_int=\count282
\l__fontspec_strnum_int=\count283
\l__fontspec_tmp_int=\count284
\l__fontspec_tmpa_int=\count285
\l__fontspec_tmpb_int=\count286
\l__fontspec_tmpc_int=\count287
\l__fontspec_em_int=\count288
\l__fontspec_emdef_int=\count289
\l__fontspec_strong_int=\count290
\l__fontspec_strongdef_int=\count291
\l__fontspec_tmpa_dim=\dimen151
\l__fontspec_tmpb_dim=\dimen152
\l__fontspec_tmpc_dim=\dimen153
(/Users/user/Library/TinyTeX/texmf-dist/tex/latex/base/fontenc.sty
Package: fontenc 2021/04/29 v2.0v Standard LaTeX package
) (/Users/user/Library/TinyTeX/texmf-dist/tex/latex/fontspec/fontspec.cfg))) (/Users/user/Library/TinyTeX/texmf-dist/tex/latex/base/fix-cm.sty
Package: fix-cm 2020/11/24 v1.1t fixes to LaTeX
(/Users/user/Library/TinyTeX/texmf-dist/tex/latex/base/ts1enc.def
File: ts1enc.def 2001/06/05 v3.0e (jk/car/fm) Standard LaTeX file
LaTeX Font Info:    Redeclaring font encoding TS1 on input line 47.
))
\g__um_fam_int=\count292
\g__um_fonts_used_int=\count293
\l__um_primecount_int=\count294
\g__um_primekern_muskip=\muskip18
(/Users/user/Library/TinyTeX/texmf-dist/tex/latex/unicode-math/unicode-math-table.tex))) (/Users/user/Library/TinyTeX/texmf-dist/tex/latex/lm/lmodern.sty
Package: lmodern 2015/05/01 v1.6.1 Latin Modern Fonts
LaTeX Font Info:    Overwriting symbol font `operators' in version `normal'
(Font)                  OT1/cmr/m/n --> OT1/lmr/m/n on input line 22.
LaTeX Font Info:    Overwriting symbol font `letters' in version `normal'
(Font)                  OML/cmm/m/it --> OML/lmm/m/it on input line 23.
LaTeX Font Info:    Overwriting symbol font `symbols' in version `normal'
(Font)                  OMS/cmsy/m/n --> OMS/lmsy/m/n on input line 24.
LaTeX Font Info:    Overwriting symbol font `largesymbols' in version `normal'
(Font)                  OMX/cmex/m/n --> OMX/lmex/m/n on input line 25.
LaTeX Font Info:    Overwriting symbol font `operators' in version `bold'
(Font)                  OT1/cmr/bx/n --> OT1/lmr/bx/n on input line 26.
LaTeX Font Info:    Overwriting symbol font `letters' in version `bold'
(Font)                  OML/cmm/b/it --> OML/lmm/b/it on input line 27.
LaTeX Font Info:    Overwriting symbol font `symbols' in version `bold'
(Font)                  OMS/cmsy/b/n --> OMS/lmsy/b/n on input line 28.
LaTeX Font Info:    Overwriting symbol font `largesymbols' in version `bold'
(Font)                  OMX/cmex/m/n --> OMX/lmex/m/n on input line 29.
LaTeX Font Info:    Overwriting math alphabet `\mathbf' in version `normal'
(Font)                  OT1/cmr/bx/n --> OT1/lmr/bx/n on input line 31.
LaTeX Font Info:    Overwriting math alphabet `\mathsf' in version `normal'
(Font)                  OT1/cmss/m/n --> OT1/lmss/m/n on input line 32.
LaTeX Font Info:    Overwriting math alphabet `\mathit' in version `normal'
(Font)                  OT1/cmr/m/it --> OT1/lmr/m/it on input line 33.
LaTeX Font Info:    Overwriting math alphabet `\mathtt' in version `normal'
(Font)                  OT1/cmtt/m/n --> OT1/lmtt/m/n on input line 34.
LaTeX Font Info:    Overwriting math alphabet `\mathbf' in version `bold'
(Font)                  OT1/cmr/bx/n --> OT1/lmr/bx/n on input line 35.
LaTeX Font Info:    Overwriting math alphabet `\mathsf' in version `bold'
(Font)                  OT1/cmss/bx/n --> OT1/lmss/bx/n on input line 36.
LaTeX Font Info:    Overwriting math alphabet `\mathit' in version `bold'
(Font)                  OT1/cmr/bx/it --> OT1/lmr/bx/it on input line 37.
LaTeX Font Info:    Overwriting math alphabet `\mathtt' in version `bold'
(Font)                  OT1/cmtt/m/n --> OT1/lmtt/m/n on input line 38.
) (/Users/user/Library/TinyTeX/texmf-dist/tex/latex/xcolor/xcolor.sty
Package: xcolor 2024/09/29 v3.02 LaTeX color extensions (UK)
(/Users/user/Library/TinyTeX/texmf-dist/tex/latex/graphics-cfg/color.cfg
File: color.cfg 2016/01/02 v1.6 sample color configuration
)
Package xcolor Info: Driver file: xetex.def on input line 274.
(/Users/user/Library/TinyTeX/texmf-dist/tex/latex/graphics-def/xetex.def
File: xetex.def 2022/09/22 v5.0n Graphics/color driver for xetex
) (/Users/user/Library/TinyTeX/texmf-dist/tex/latex/graphics/mathcolor.ltx)
Package xcolor Info: Model `cmy' substituted by `cmy0' on input line 1349.
Package xcolor Info: Model `RGB' extended on input line 1365.
Package xcolor Info: Model `HTML' substituted by `rgb' on input line 1367.
Package xcolor Info: Model `Hsb' substituted by `hsb' on input line 1368.
Package xcolor Info: Model `tHsb' substituted by `hsb' on input line 1369.
Package xcolor Info: Model `HSB' substituted by `hsb' on input line 1370.
Package xcolor Info: Model `Gray' substituted by `gray' on input line 1371.
Package xcolor Info: Model `wave' substituted by `hsb' on input line 1372.
) (/Users/user/Library/TinyTeX/texmf-dist/tex/latex/geometry/geometry.sty
Package: geometry 2020/01/02 v5.9 Page Geometry
(/Users/user/Library/TinyTeX/texmf-dist/tex/latex/graphics/keyval.sty
Package: keyval 2022/05/29 v1.15 key=value parser (DPC)
\KV@toks@=\toks22
) (/Users/user/Library/TinyTeX/texmf-dist/tex/generic/iftex/ifvtex.sty
Package: ifvtex 2019/10/25 v1.7 ifvtex legacy package. Use iftex instead.
)
\Gm@cnth=\count295
\Gm@cntv=\count296
\c@Gm@tempcnt=\count297
\Gm@bindingoffset=\dimen154
\Gm@wd@mp=\dimen155
\Gm@odd@mp=\dimen156
\Gm@even@mp=\dimen157
\Gm@layoutwidth=\dimen158
\Gm@layoutheight=\dimen159
\Gm@layouthoffset=\dimen160
\Gm@layoutvoffset=\dimen161
\Gm@dimlist=\toks23
) (/Users/user/Library/TinyTeX/texmf-dist/tex/latex/graphics/graphicx.sty
Package: graphicx 2021/09/16 v1.2d Enhanced LaTeX Graphics (DPC,SPQR)
(/Users/user/Library/TinyTeX/texmf-dist/tex/latex/graphics/graphics.sty
Package: graphics 2024/08/06 v1.4g Standard LaTeX Graphics (DPC,SPQR)
(/Users/user/Library/TinyTeX/texmf-dist/tex/latex/graphics/trig.sty
Package: trig 2023/12/02 v1.11 sin cos tan (DPC)
) (/Users/user/Library/TinyTeX/texmf-dist/tex/latex/graphics-cfg/graphics.cfg
File: graphics.cfg 2016/06/04 v1.11 sample graphics configuration
)
Package graphics Info: Driver file: xetex.def on input line 106.
)
\Gin@req@height=\dimen162
\Gin@req@width=\dimen163
) (/Users/user/Library/TinyTeX/texmf-dist/tex/latex/booktabs/booktabs.sty
Package: booktabs 2020/01/12 v1.61803398 Publication quality tables
\heavyrulewidth=\dimen164
\lightrulewidth=\dimen165
\cmidrulewidth=\dimen166
\belowrulesep=\dimen167
\belowbottomsep=\dimen168
\aboverulesep=\dimen169
\abovetopsep=\dimen170
\cmidrulesep=\dimen171
\cmidrulekern=\dimen172
\defaultaddspace=\dimen173
\@cmidla=\count298
\@cmidlb=\count299
\@aboverulesep=\dimen174
\@belowrulesep=\dimen175
\@thisruleclass=\count300
\@lastruleclass=\count301
\@thisrulewidth=\dimen176
) (/Users/user/Library/TinyTeX/texmf-dist/tex/latex/tools/longtable.sty
Package: longtable 2024-10-27 v4.22 Multi-page Table package (DPC)
\LTleft=\skip54
\LTright=\skip55
\LTpre=\skip56
\LTpost=\skip57
\LTchunksize=\count302
\LTcapwidth=\dimen177
\LT@head=\box55
\LT@firsthead=\box56
\LT@foot=\box57
\LT@lastfoot=\box58
\LT@gbox=\box59
\LT@cols=\count303
\LT@rows=\count304
\c@LT@tables=\count305
\c@LT@chunks=\count306
\LT@p@ftn=\toks24
) (/Users/user/Library/TinyTeX/texmf-dist/tex/latex/tools/array.sty
Package: array 2024/10/17 v2.6g Tabular extension package (FMi)
\col@sep=\dimen178
\ar@mcellbox=\box60
\extrarowheight=\dimen179
\NC@list=\toks25
\extratabsurround=\skip58
\backup@length=\skip59
\ar@cellbox=\box61
) (/Users/user/Library/TinyTeX/texmf-dist/tex/latex/multirow/multirow.sty
Package: multirow 2024/11/12 v2.9 Span multiple rows of a table
\multirow@colwidth=\skip60
\multirow@cntb=\count307
\multirow@dima=\skip61
\bigstrutjot=\dimen180
) (/Users/user/Library/TinyTeX/texmf-dist/tex/latex/float/float.sty
Package: float 2001/11/08 v1.3d Float enhancements (AL)
\c@float@type=\count308
\float@exts=\toks26
\float@box=\box62
\@float@everytoks=\toks27
\@floatcapt=\box63
) (/Users/user/Library/TinyTeX/texmf-dist/tex/latex/pdflscape/pdflscape.sty
Package: pdflscape 2022-10-27 v0.13 Display of landscape pages in PDF
(/Users/user/Library/TinyTeX/texmf-dist/tex/latex/pdflscape/pdflscape-nometadata.sty
Package: pdflscape-nometadata 2022-10-28 v0.13 Display of landscape pages in PDF (HO)
(/Users/user/Library/TinyTeX/texmf-dist/tex/latex/graphics/lscape.sty
Package: lscape 2020/05/28 v3.02 Landscape Pages (DPC)
)
Package pdflscape Info: Auto-detected driver: dvipdfm (xetex) on input line 98.
)) (/Users/user/Library/TinyTeX/texmf-dist/tex/latex/adjustbox/adjustbox.sty
Package: adjustbox 2025/02/26 v1.3c Adjusting TeX boxes (trim, clip, ...)
(/Users/user/Library/TinyTeX/texmf-dist/tex/latex/xkeyval/xkeyval.sty
Package: xkeyval 2022/06/16 v2.9 package option processing (HA)
(/Users/user/Library/TinyTeX/texmf-dist/tex/generic/xkeyval/xkeyval.tex (/Users/user/Library/TinyTeX/texmf-dist/tex/generic/xkeyval/xkvutils.tex
\XKV@toks=\toks28
\XKV@tempa@toks=\toks29
)
\XKV@depth=\count309
File: xkeyval.tex 2014/12/03 v2.7a key=value parser (HA)
)) (/Users/user/Library/TinyTeX/texmf-dist/tex/latex/adjustbox/adjcalc.sty
Package: adjcalc 2012/05/16 v1.1 Provides advanced setlength with multiple back-ends (calc, etex, pgfmath)
) (/Users/user/Library/TinyTeX/texmf-dist/tex/latex/adjustbox/trimclip.sty
Package: trimclip 2025/02/21 v1.2a Trim and clip general TeX material
(/Users/user/Library/TinyTeX/texmf-dist/tex/latex/collectbox/collectbox.sty
Package: collectbox 2022/10/17 v0.4c Collect macro arguments as boxes
\collectedbox=\box64
)
\tc@llx=\dimen181
\tc@lly=\dimen182
\tc@urx=\dimen183
\tc@ury=\dimen184
Package trimclip Info: Using driver 'tc-xetex.def'.
(/Users/user/Library/TinyTeX/texmf-dist/tex/latex/adjustbox/tc-xetex.def
File: tc-xetex.def 2019/01/04 v2.2 Clipping driver for xetex
))
\adjbox@Width=\dimen185
\adjbox@Height=\dimen186
\adjbox@Depth=\dimen187
\adjbox@Totalheight=\dimen188
\adjbox@pwidth=\dimen189
\adjbox@pheight=\dimen190
\adjbox@pdepth=\dimen191
\adjbox@ptotalheight=\dimen192
(/Users/user/Library/TinyTeX/texmf-dist/tex/latex/varwidth/varwidth.sty
Package: varwidth 2009/03/30 ver 0.92;  Variable-width minipages
\@vwid@box=\box65
\sift@deathcycles=\count310
\@vwid@loff=\dimen193
\@vwid@roff=\dimen194
)) (/Users/user/Library/TinyTeX/texmf-dist/tex/latex/caption/caption.sty
Package: caption 2023/08/05 v3.6o Customizing captions (AR)
(/Users/user/Library/TinyTeX/texmf-dist/tex/latex/caption/caption3.sty
Package: caption3 2023/07/31 v2.4d caption3 kernel (AR)
\caption@tempdima=\dimen195
\captionmargin=\dimen196
\caption@leftmargin=\dimen197
\caption@rightmargin=\dimen198
\caption@width=\dimen199
\caption@indent=\dimen256
\caption@parindent=\dimen257
\caption@hangindent=\dimen258
Package caption Info: Standard document class detected.
)
\c@caption@flags=\count311
\c@continuedfloat=\count312
Package caption Info: float package is loaded.
Package caption Info: longtable package is loaded.
(/Users/user/Library/TinyTeX/texmf-dist/tex/latex/caption/ltcaption.sty
Package: ltcaption 2021/01/08 v1.4c longtable captions (AR)
)) (/Users/user/Library/TinyTeX/texmf-dist/tex/latex/fancyhdr/fancyhdr.sty
Package: fancyhdr 2025/02/07 v5.2 Extensive control of page headers and footers
\f@nch@headwidth=\skip62
\f@nch@offset@elh=\skip63
\f@nch@offset@erh=\skip64
\f@nch@offset@olh=\skip65
\f@nch@offset@orh=\skip66
\f@nch@offset@elf=\skip67
\f@nch@offset@erf=\skip68
\f@nch@offset@olf=\skip69
\f@nch@offset@orf=\skip70
\f@nch@height=\skip71
\f@nch@footalignment=\skip72
\f@nch@widthL=\skip73
\f@nch@widthC=\skip74
\f@nch@widthR=\skip75
\@temptokenb=\toks30
) (/Users/user/Library/TinyTeX/texmf-dist/tex/latex/titlesec/titlesec.sty
Package: titlesec 2025/01/04 v2.17 Sectioning titles
\ttl@box=\box66
\beforetitleunit=\skip76
\aftertitleunit=\skip77
\ttl@plus=\dimen259
\ttl@minus=\dimen260
\ttl@toksa=\toks31
\titlewidth=\dimen261
\titlewidthlast=\dimen262
\titlewidthfirst=\dimen263
) (/Users/user/Library/TinyTeX/texmf-dist/tex/latex/enumitem/enumitem.sty
Package: enumitem 2025/02/06 v3.11 Customized lists
\labelindent=\skip78
\enit@outerparindent=\dimen264
\enit@toks=\toks32
\enit@inbox=\box67
\enit@count@id=\count313
\enitdp@description=\count314
) (/Users/user/Library/TinyTeX/texmf-dist/tex/latex/threeparttable/threeparttable.sty
Package: threeparttable 2003/06/13  v 3.0
\@tempboxb=\box68
) (/Users/user/Library/TinyTeX/texmf-dist/tex/latex/siunitx/siunitx.sty
Package: siunitx 2025-03-26 v3.4.8 A comprehensive (SI) units package
\l__siunitx_number_uncert_offset_int=\count315
\l__siunitx_number_exponent_fixed_int=\count316
\l__siunitx_number_min_decimal_int=\count317
\l__siunitx_number_min_integer_int=\count318
\l__siunitx_number_round_precision_int=\count319
\l__siunitx_number_lower_threshold_int=\count320
\l__siunitx_number_upper_threshold_int=\count321
\l__siunitx_number_group_first_int=\count322
\l__siunitx_number_group_size_int=\count323
\l__siunitx_number_group_minimum_int=\count324
\l__siunitx_angle_tmp_dim=\dimen265
\l__siunitx_angle_marker_box=\box69
\l__siunitx_angle_unit_box=\box70
\l__siunitx_compound_count_int=\count325
\l__siunitx_table_tmp_box=\box71
\l__siunitx_table_tmp_dim=\dimen266
\l__siunitx_table_column_width_dim=\dimen267
\l__siunitx_table_integer_box=\box72
\l__siunitx_table_decimal_box=\box73
\l__siunitx_table_uncert_box=\box74
\l__siunitx_table_before_box=\box75
\l__siunitx_table_after_box=\box76
\l__siunitx_table_before_dim=\dimen268
\l__siunitx_table_carry_dim=\dimen269
\l__siunitx_unit_tmp_int=\count326
\l__siunitx_unit_position_int=\count327
\l__siunitx_unit_total_int=\count328
) (/Users/user/Library/TinyTeX/texmf-dist/tex/latex/wrapfig/wrapfig.sty
\wrapoverhang=\dimen270
\WF@size=\dimen271
\c@WF@wrappedlines=\count329
\WF@box=\box77
\WF@everypar=\toks33
Package: wrapfig 2003/01/31  v 3.6
) (/Users/user/Library/TinyTeX/texmf-dist/tex/latex/colortbl/colortbl.sty
Package: colortbl 2024/07/06 v1.0i Color table columns (DPC)
\everycr=\toks34
\minrowclearance=\skip79
\rownum=\count330
) (/Users/user/Library/TinyTeX/texmf-dist/tex/latex/tabu/tabu.sty
Package: tabu 2019/01/11 v2.9 - flexible LaTeX tabulars (FC+tabu-fixed)
\c@taburow=\count331
\tabu@nbcols=\count332
\tabu@cnt=\count333
\tabu@Xcol=\count334
\tabu@alloc=\count335
\tabu@nested=\count336
\tabu@target=\dimen272
\tabu@spreadtarget=\dimen273
\tabu@naturalX=\dimen274
\tabucolX=\dimen275
\tabu@Xsum=\dimen276
\extrarowdepth=\dimen277
\abovetabulinesep=\dimen278
\belowtabulinesep=\dimen279
\tabustrutrule=\dimen280
\tabu@thebody=\toks35
\tabu@footnotes=\toks36
\tabu@box=\box78
\tabu@arstrutbox=\box79
\tabu@hleads=\box80
\tabu@vleads=\box81
\tabu@cellskip=\skip80
) (/Users/user/Library/TinyTeX/texmf-dist/tex/latex/threeparttablex/threeparttablex.sty
Package: threeparttablex 2013/07/23 v0.3 by daleif
(/Users/user/Library/TinyTeX/texmf-dist/tex/latex/environ/environ.sty
Package: environ 2014/05/04 v0.3 A new way to define environments
(/Users/user/Library/TinyTeX/texmf-dist/tex/latex/trimspaces/trimspaces.sty
Package: trimspaces 2009/09/17 v1.1 Trim spaces around a token list
))
\TPTL@width=\skip81
) (/Users/user/Library/TinyTeX/texmf-dist/tex/generic/ulem/ulem.sty
\UL@box=\box82
\UL@hyphenbox=\box83
\UL@skip=\skip82
\UL@hook=\toks37
\UL@height=\dimen281
\UL@pe=\count337
\UL@pixel=\dimen282
\ULC@box=\box84
Package: ulem 2019/11/18
\ULdepth=\dimen283
) (/Users/user/Library/TinyTeX/texmf-dist/tex/latex/makecell/makecell.sty
Package: makecell 2009/08/03 V0.1e Managing of Tab Column Heads and Cells
\rotheadsize=\dimen284
\c@nlinenum=\count338
\TeXr@lab=\toks38
) (/Users/user/Library/TinyTeX/texmf-dist/tex/latex/bookmark/bookmark.sty
Package: bookmark 2023-12-10 v1.31 PDF bookmarks (HO)
(/Users/user/Library/TinyTeX/texmf-dist/tex/latex/hyperref/hyperref.sty
Package: hyperref 2024-11-05 v7.01l Hypertext links for LaTeX
(/Users/user/Library/TinyTeX/texmf-dist/tex/latex/kvsetkeys/kvsetkeys.sty
Package: kvsetkeys 2022-10-05 v1.19 Key value parser (HO)
) (/Users/user/Library/TinyTeX/texmf-dist/tex/generic/kvdefinekeys/kvdefinekeys.sty
Package: kvdefinekeys 2019-12-19 v1.6 Define keys (HO)
) (/Users/user/Library/TinyTeX/texmf-dist/tex/generic/pdfescape/pdfescape.sty
Package: pdfescape 2019/12/09 v1.15 Implements pdfTeX's escape features (HO)
(/Users/user/Library/TinyTeX/texmf-dist/tex/generic/ltxcmds/ltxcmds.sty
Package: ltxcmds 2023-12-04 v1.26 LaTeX kernel commands for general use (HO)
) (/Users/user/Library/TinyTeX/texmf-dist/tex/generic/pdftexcmds/pdftexcmds.sty
Package: pdftexcmds 2020-06-27 v0.33 Utility functions of pdfTeX for LuaTeX (HO)
(/Users/user/Library/TinyTeX/texmf-dist/tex/generic/infwarerr/infwarerr.sty
Package: infwarerr 2019/12/03 v1.5 Providing info/warning/error messages (HO)
)
Package pdftexcmds Info: \pdf@primitive is available.
Package pdftexcmds Info: \pdf@ifprimitive is available.
Package pdftexcmds Info: \pdfdraftmode not found.
)) (/Users/user/Library/TinyTeX/texmf-dist/tex/latex/hycolor/hycolor.sty
Package: hycolor 2020-01-27 v1.10 Color options for hyperref/bookmark (HO)
) (/Users/user/Library/TinyTeX/texmf-dist/tex/latex/hyperref/nameref.sty
Package: nameref 2023-11-26 v2.56 Cross-referencing by name of section
(/Users/user/Library/TinyTeX/texmf-dist/tex/latex/refcount/refcount.sty
Package: refcount 2019/12/15 v3.6 Data extraction from label references (HO)
) (/Users/user/Library/TinyTeX/texmf-dist/tex/generic/gettitlestring/gettitlestring.sty
Package: gettitlestring 2019/12/15 v1.6 Cleanup title references (HO)
(/Users/user/Library/TinyTeX/texmf-dist/tex/latex/kvoptions/kvoptions.sty
Package: kvoptions 2022-06-15 v3.15 Key value format for package options (HO)
))
\c@section@level=\count339
) (/Users/user/Library/TinyTeX/texmf-dist/tex/latex/etoolbox/etoolbox.sty
Package: etoolbox 2025/02/11 v2.5l e-TeX tools for LaTeX (JAW)
\etb@tempcnta=\count340
) (/Users/user/Library/TinyTeX/texmf-dist/tex/generic/stringenc/stringenc.sty
Package: stringenc 2019/11/29 v1.12 Convert strings between diff. encodings (HO)
)
\@linkdim=\dimen285
\Hy@linkcounter=\count341
\Hy@pagecounter=\count342
(/Users/user/Library/TinyTeX/texmf-dist/tex/latex/hyperref/pd1enc.def
File: pd1enc.def 2024-11-05 v7.01l Hyperref: PDFDocEncoding definition (HO)
) (/Users/user/Library/TinyTeX/texmf-dist/tex/generic/intcalc/intcalc.sty
Package: intcalc 2019/12/15 v1.3 Expandable calculations with integers (HO)
)
\Hy@SavedSpaceFactor=\count343
(/Users/user/Library/TinyTeX/texmf-dist/tex/latex/hyperref/puenc.def
File: puenc.def 2024-11-05 v7.01l Hyperref: PDF Unicode definition (HO)
)
Package hyperref Info: Option `unicode' set `true' on input line 4040.
Package hyperref Info: Hyper figures OFF on input line 4157.
Package hyperref Info: Link nesting OFF on input line 4162.
Package hyperref Info: Hyper index ON on input line 4165.
Package hyperref Info: Plain pages OFF on input line 4172.
Package hyperref Info: Backreferencing OFF on input line 4177.
Package hyperref Info: Implicit mode ON; LaTeX internals redefined.
Package hyperref Info: Bookmarks ON on input line 4424.
\c@Hy@tempcnt=\count344
(/Users/user/Library/TinyTeX/texmf-dist/tex/latex/url/url.sty
\Urlmuskip=\muskip19
Package: url 2013/09/16  ver 3.4  Verb mode for urls, etc.
)
LaTeX Info: Redefining \url on input line 4763.
\XeTeXLinkMargin=\dimen286
(/Users/user/Library/TinyTeX/texmf-dist/tex/generic/bitset/bitset.sty
Package: bitset 2019/12/09 v1.3 Handle bit-vector datatype (HO)
(/Users/user/Library/TinyTeX/texmf-dist/tex/generic/bigintcalc/bigintcalc.sty
Package: bigintcalc 2019/12/15 v1.5 Expandable calculations on big integers (HO)
))
\Fld@menulength=\count345
\Field@Width=\dimen287
\Fld@charsize=\dimen288
Package hyperref Info: Hyper figures OFF on input line 6042.
Package hyperref Info: Link nesting OFF on input line 6047.
Package hyperref Info: Hyper index ON on input line 6050.
Package hyperref Info: backreferencing OFF on input line 6057.
Package hyperref Info: Link coloring OFF on input line 6062.
Package hyperref Info: Link coloring with OCG OFF on input line 6067.
Package hyperref Info: PDF/A mode OFF on input line 6072.
(/Users/user/Library/TinyTeX/texmf-dist/tex/latex/base/atbegshi-ltx.sty
Package: atbegshi-ltx 2021/01/10 v1.0c Emulation of the original atbegshi
package with kernel methods
)
\Hy@abspage=\count346
\c@Item=\count347
\c@Hfootnote=\count348
)
Package hyperref Info: Driver (autodetected): hxetex.
(/Users/user/Library/TinyTeX/texmf-dist/tex/latex/hyperref/hxetex.def
File: hxetex.def 2024-11-05 v7.01l Hyperref driver for XeTeX
\pdfm@box=\box85
\c@Hy@AnnotLevel=\count349
\HyField@AnnotCount=\count350
\Fld@listcount=\count351
\c@bookmark@seq@number=\count352
(/Users/user/Library/TinyTeX/texmf-dist/tex/latex/rerunfilecheck/rerunfilecheck.sty
Package: rerunfilecheck 2022-07-10 v1.10 Rerun checks for auxiliary files (HO)
(/Users/user/Library/TinyTeX/texmf-dist/tex/latex/base/atveryend-ltx.sty
Package: atveryend-ltx 2020/08/19 v1.0a Emulation of the original atveryend package
with kernel methods
) (/Users/user/Library/TinyTeX/texmf-dist/tex/generic/uniquecounter/uniquecounter.sty
Package: uniquecounter 2019/12/15 v1.4 Provide unlimited unique counter (HO)
)
Package uniquecounter Info: New unique counter `rerunfilecheck' on input line 285.
)
\Hy@SectionHShift=\skip83
) (/Users/user/Library/TinyTeX/texmf-dist/tex/latex/bookmark/bkm-dvipdfm.def
File: bkm-dvipdfm.def 2023-12-10 v1.31 bookmark driver for dvipdfm (HO)
\BKM@id=\count353
)) (./summary_stats_all.aux

LaTeX Warning: Label `tab:advanced_summaries' multiply defined.

)
\openout1 = `summary_stats_all.aux'.

LaTeX Font Info:    Checking defaults for OML/cmm/m/it on input line 137.
LaTeX Font Info:    ... okay on input line 137.
LaTeX Font Info:    Checking defaults for OMS/cmsy/m/n on input line 137.
LaTeX Font Info:    ... okay on input line 137.
LaTeX Font Info:    Checking defaults for OT1/cmr/m/n on input line 137.
LaTeX Font Info:    ... okay on input line 137.
LaTeX Font Info:    Checking defaults for T1/cmr/m/n on input line 137.
LaTeX Font Info:    ... okay on input line 137.
LaTeX Font Info:    Checking defaults for TS1/cmr/m/n on input line 137.
LaTeX Font Info:    ... okay on input line 137.
LaTeX Font Info:    Checking defaults for TU/lmr/m/n on input line 137.
LaTeX Font Info:    ... okay on input line 137.
LaTeX Font Info:    Checking defaults for OMX/cmex/m/n on input line 137.
LaTeX Font Info:    ... okay on input line 137.
LaTeX Font Info:    Checking defaults for U/cmr/m/n on input line 137.
LaTeX Font Info:    ... okay on input line 137.
LaTeX Font Info:    Checking defaults for PD1/pdf/m/n on input line 137.
LaTeX Font Info:    ... okay on input line 137.
LaTeX Font Info:    Checking defaults for PU/pdf/m/n on input line 137.
LaTeX Font Info:    ... okay on input line 137.
LaTeX Font Info:    Overwriting math alphabet `\mathrm' in version `normal'
(Font)                  OT1/lmr/m/n --> TU/lmr/m/n on input line 137.
LaTeX Font Info:    Overwriting math alphabet `\mathit' in version `normal'
(Font)                  OT1/lmr/m/it --> TU/lmr/m/it on input line 137.
LaTeX Font Info:    Overwriting math alphabet `\mathbf' in version `normal'
(Font)                  OT1/lmr/bx/n --> TU/lmr/bx/n on input line 137.
LaTeX Font Info:    Overwriting math alphabet `\mathsf' in version `normal'
(Font)                  OT1/lmss/m/n --> TU/lmss/m/n on input line 137.
LaTeX Font Info:    Overwriting math alphabet `\mathsf' in version `bold'
(Font)                  OT1/lmss/bx/n --> TU/lmss/bx/n on input line 137.
LaTeX Font Info:    Overwriting math alphabet `\mathtt' in version `normal'
(Font)                  OT1/lmtt/m/n --> TU/lmtt/m/n on input line 137.
LaTeX Font Info:    Overwriting math alphabet `\mathtt' in version `bold'
(Font)                  OT1/lmtt/m/n --> TU/lmtt/bx/n on input line 137.

Package fontspec Info: 
(fontspec)             latinmodern-math scale = 0.9999964596882403.


Package fontspec Info: 
(fontspec)             latinmodern-math scale = 0.9999964596882403.


Package fontspec Info: 
(fontspec)             latinmodern-math scale = 0.9999964596882403.


Package fontspec Info: 
(fontspec)             Font family 'latinmodern-math.otf(0)' created for font
(fontspec)             'latinmodern-math.otf' with options
(fontspec)             [Scale=MatchLowercase,BoldItalicFont={},ItalicFont={},SmallCapsFont={},Script=Math,BoldFont={latinmodern-math.otf}].
(fontspec)              
(fontspec)              This font family consists of the following NFSS
(fontspec)             series/shapes:
(fontspec)              
(fontspec)             - 'normal' (m/n) with NFSS spec.:
(fontspec)             <->s*[0.9999964596882403]"[latinmodern-math.otf]/OT:script=math;language=dflt;"
(fontspec)             - 'bold' (b/n) with NFSS spec.:
(fontspec)             <->s*[0.9999964596882403]"[latinmodern-math.otf]/OT:script=math;language=dflt;"

LaTeX Font Info:    Font shape `TU/latinmodern-math.otf(0)/m/n' will be
(Font)              scaled to size 10.0pt on input line 137.

Package fontspec Info: 
(fontspec)             latinmodern-math scale = 0.9999964596882403.


Package fontspec Info: 
(fontspec)             latinmodern-math scale = 0.9999964596882403.


Package fontspec Info: 
(fontspec)             latinmodern-math scale = 0.9999964596882403.


Package fontspec Info: 
(fontspec)             latinmodern-math scale = 0.9999964596882403.


Package fontspec Info: 
(fontspec)             latinmodern-math scale = 0.9999964596882403.


Package fontspec Info: 
(fontspec)             Font family 'latinmodern-math.otf(1)' created for font
(fontspec)             'latinmodern-math.otf' with options
(fontspec)             [Scale=MatchLowercase,BoldItalicFont={},ItalicFont={},SmallCapsFont={},Script=Math,SizeFeatures={{Size=8.5-},{Size=6-8.5,Font=latinmodern-math.otf,Style=MathScript},{Size=-6,Font=latinmodern-math.otf,Style=MathScriptScript}},BoldFont={latinmodern-math.otf}].
(fontspec)              
(fontspec)              This font family consists of the following NFSS
(fontspec)             series/shapes:
(fontspec)              
(fontspec)             - 'normal' (m/n) with NFSS spec.:
(fontspec)             <8.5->s*[0.9999964596882403]"[latinmodern-math.otf]/OT:script=math;language=dflt;"<6-8.5>s*[0.9999964596882403]"[latinmodern-math.otf]/OT:script=math;language=dflt;+ssty=0;"<-6>s*[0.9999964596882403]"[latinmodern-math.otf]/OT:script=math;language=dflt;+ssty=1;"
(fontspec)             - 'bold' (b/n) with NFSS spec.:
(fontspec)             <->s*[0.9999964596882403]"[latinmodern-math.otf]/OT:script=math;language=dflt;"

LaTeX Font Info:    Font shape `TU/latinmodern-math.otf(1)/m/n' will be
(Font)              scaled to size 10.0pt on input line 137.
LaTeX Font Info:    Encoding `OT1' has changed to `TU' for symbol font
(Font)              `operators' in the math version `normal' on input line 137.
LaTeX Font Info:    Overwriting symbol font `operators' in version `normal'
(Font)                  OT1/lmr/m/n --> TU/latinmodern-math.otf(1)/m/n on input line 137.
LaTeX Font Info:    Encoding `OT1' has changed to `TU' for symbol font
(Font)              `operators' in the math version `bold' on input line 137.
LaTeX Font Info:    Overwriting symbol font `operators' in version `bold'
(Font)                  OT1/lmr/bx/n --> TU/latinmodern-math.otf(1)/b/n on input line 137.

Package fontspec Info: 
(fontspec)             latinmodern-math scale = 0.9999964596882403.


Package fontspec Info: 
(fontspec)             latinmodern-math scale = 1.000096459334209.


Package fontspec Info: 
(fontspec)             latinmodern-math scale = 0.9999964596882403.


Package fontspec Info: 
(fontspec)             latinmodern-math scale = 1.000096459334209.


Package fontspec Info: 
(fontspec)             latinmodern-math scale = 0.9999964596882403.


Package fontspec Info: 
(fontspec)             latinmodern-math scale = 1.000096459334209.


Package fontspec Info: 
(fontspec)             latinmodern-math scale = 0.9999964596882403.


Package fontspec Info: 
(fontspec)             latinmodern-math scale = 1.000096459334209.


Package fontspec Info: 
(fontspec)             latinmodern-math scale = 0.9999964596882403.


Package fontspec Info: 
(fontspec)             latinmodern-math scale = 1.000096459334209.


Package fontspec Info: 
(fontspec)             Font family 'latinmodern-math.otf(2)' created for font
(fontspec)             'latinmodern-math.otf' with options
(fontspec)             [Scale=MatchLowercase,BoldItalicFont={},ItalicFont={},SmallCapsFont={},Script=Math,SizeFeatures={{Size=8.5-},{Size=6-8.5,Font=latinmodern-math.otf,Style=MathScript},{Size=-6,Font=latinmodern-math.otf,Style=MathScriptScript}},BoldFont={latinmodern-math.otf},ScaleAgain=1.0001,FontAdjustment={\fontdimen
(fontspec)             8\font =6.77pt\relax \fontdimen 9\font =3.94pt\relax
(fontspec)             \fontdimen 10\font =4.44pt\relax \fontdimen 11\font
(fontspec)             =6.86pt\relax \fontdimen 12\font =3.45pt\relax
(fontspec)             \fontdimen 13\font =3.63pt\relax \fontdimen 14\font
(fontspec)             =3.63pt\relax \fontdimen 15\font =2.89pt\relax
(fontspec)             \fontdimen 16\font =2.47pt\relax \fontdimen 17\font
(fontspec)             =2.47pt\relax \fontdimen 18\font =2.5pt\relax
(fontspec)             \fontdimen 19\font =2.0pt\relax \fontdimen 22\font
(fontspec)             =2.5pt\relax \fontdimen 20\font =0pt\relax \fontdimen
(fontspec)             21\font =0pt\relax }].
(fontspec)              
(fontspec)              This font family consists of the following NFSS
(fontspec)             series/shapes:
(fontspec)              
(fontspec)             - 'normal' (m/n) with NFSS spec.:
(fontspec)             <8.5->s*[1.000096459334209]"[latinmodern-math.otf]/OT:script=math;language=dflt;"<6-8.5>s*[1.000096459334209]"[latinmodern-math.otf]/OT:script=math;language=dflt;+ssty=0;"<-6>s*[1.000096459334209]"[latinmodern-math.otf]/OT:script=math;language=dflt;+ssty=1;"
(fontspec)             - 'bold' (b/n) with NFSS spec.:
(fontspec)             <->s*[1.000096459334209]"[latinmodern-math.otf]/OT:script=math;language=dflt;"

LaTeX Font Info:    Encoding `OMS' has changed to `TU' for symbol font
(Font)              `symbols' in the math version `normal' on input line 137.
LaTeX Font Info:    Overwriting symbol font `symbols' in version `normal'
(Font)                  OMS/lmsy/m/n --> TU/latinmodern-math.otf(2)/m/n on input line 137.
LaTeX Font Info:    Encoding `OMS' has changed to `TU' for symbol font
(Font)              `symbols' in the math version `bold' on input line 137.
LaTeX Font Info:    Overwriting symbol font `symbols' in version `bold'
(Font)                  OMS/lmsy/b/n --> TU/latinmodern-math.otf(2)/b/n on input line 137.

Package fontspec Info: 
(fontspec)             latinmodern-math scale = 0.9999964596882403.


Package fontspec Info: 
(fontspec)             latinmodern-math scale = 0.9998964600422715.


Package fontspec Info: 
(fontspec)             latinmodern-math scale = 0.9999964596882403.


Package fontspec Info: 
(fontspec)             latinmodern-math scale = 0.9998964600422715.


Package fontspec Info: 
(fontspec)             latinmodern-math scale = 0.9999964596882403.


Package fontspec Info: 
(fontspec)             latinmodern-math scale = 0.9998964600422715.


Package fontspec Info: 
(fontspec)             latinmodern-math scale = 0.9999964596882403.


Package fontspec Info: 
(fontspec)             latinmodern-math scale = 0.9998964600422715.


Package fontspec Info: 
(fontspec)             latinmodern-math scale = 0.9999964596882403.


Package fontspec Info: 
(fontspec)             latinmodern-math scale = 0.9998964600422715.


Package fontspec Info: 
(fontspec)             Font family 'latinmodern-math.otf(3)' created for font
(fontspec)             'latinmodern-math.otf' with options
(fontspec)             [Scale=MatchLowercase,BoldItalicFont={},ItalicFont={},SmallCapsFont={},Script=Math,SizeFeatures={{Size=8.5-},{Size=6-8.5,Font=latinmodern-math.otf,Style=MathScript},{Size=-6,Font=latinmodern-math.otf,Style=MathScriptScript}},BoldFont={latinmodern-math.otf},ScaleAgain=0.9999,FontAdjustment={\fontdimen
(fontspec)             8\font =0.4pt\relax \fontdimen 9\font =2.0pt\relax
(fontspec)             \fontdimen 10\font =1.67pt\relax \fontdimen 11\font
(fontspec)             =1.11pt\relax \fontdimen 12\font =6.0pt\relax
(fontspec)             \fontdimen 13\font =0pt\relax }].
(fontspec)              
(fontspec)              This font family consists of the following NFSS
(fontspec)             series/shapes:
(fontspec)              
(fontspec)             - 'normal' (m/n) with NFSS spec.:
(fontspec)             <8.5->s*[0.9998964600422715]"[latinmodern-math.otf]/OT:script=math;language=dflt;"<6-8.5>s*[0.9998964600422715]"[latinmodern-math.otf]/OT:script=math;language=dflt;+ssty=0;"<-6>s*[0.9998964600422715]"[latinmodern-math.otf]/OT:script=math;language=dflt;+ssty=1;"
(fontspec)             - 'bold' (b/n) with NFSS spec.:
(fontspec)             <->s*[0.9998964600422715]"[latinmodern-math.otf]/OT:script=math;language=dflt;"

LaTeX Font Info:    Encoding `OMX' has changed to `TU' for symbol font
(Font)              `largesymbols' in the math version `normal' on input line 137.
LaTeX Font Info:    Overwriting symbol font `largesymbols' in version `normal'
(Font)                  OMX/lmex/m/n --> TU/latinmodern-math.otf(3)/m/n on input line 137.
LaTeX Font Info:    Encoding `OMX' has changed to `TU' for symbol font
(Font)              `largesymbols' in the math version `bold' on input line 137.
LaTeX Font Info:    Overwriting symbol font `largesymbols' in version `bold'
(Font)                  OMX/lmex/m/n --> TU/latinmodern-math.otf(3)/b/n on input line 137.
*geometry* driver: auto-detecting
*geometry* detected driver: xetex
*geometry* verbose mode - [ preamble ] result:
* driver: xetex
* paper: <default>
* layout: <same size as paper>
* layoutoffset:(h,v)=(0.0pt,0.0pt)
* modes: 
* h-part:(L,W,R)=(72.26999pt, 469.75502pt, 72.26999pt)
* v-part:(T,H,B)=(72.26999pt, 650.43001pt, 72.26999pt)
* \paperwidth=614.295pt
* \paperheight=794.96999pt
* \textwidth=469.75502pt
* \textheight=650.43001pt
* \oddsidemargin=0.0pt
* \evensidemargin=0.0pt
* \topmargin=-37.0pt
* \headheight=12.0pt
* \headsep=25.0pt
* \topskip=10.0pt
* \footskip=30.0pt
* \marginparwidth=65.0pt
* \marginparsep=11.0pt
* \columnsep=10.0pt
* \skip\footins=9.0pt plus 4.0pt minus 2.0pt
* \hoffset=0.0pt
* \voffset=0.0pt
* \mag=1000
* \@twocolumnfalse
* \@twosidefalse
* \@mparswitchfalse
* \@reversemarginfalse
* (1in=72.27pt=25.4mm, 1cm=28.453pt)

Package caption Info: Begin \AtBeginDocument code.
Package caption Info: hyperref package is loaded.
Package caption Info: threeparttable package is loaded.
Package caption Info: wrapfig package is loaded.
Package caption Info: End \AtBeginDocument code.
Package hyperref Info: Link coloring OFF on input line 137.
LaTeX Font Info:    Font shape `TU/latinmodern-math.otf(1)/m/n' will be
(Font)              scaled to size 12.0pt on input line 139.
LaTeX Font Info:    Font shape `TU/latinmodern-math.otf(1)/m/n' will be
(Font)              scaled to size 8.0pt on input line 139.
LaTeX Font Info:    Font shape `TU/latinmodern-math.otf(1)/m/n' will be
(Font)              scaled to size 6.0pt on input line 139.
LaTeX Font Info:    Trying to load font information for OML+lmm on input line 139.
(/Users/user/Library/TinyTeX/texmf-dist/tex/latex/lm/omllmm.fd
File: omllmm.fd 2015/05/01 v1.6.1 Font defs for Latin Modern
)
LaTeX Font Info:    Font shape `TU/latinmodern-math.otf(2)/m/n' will be
(Font)              scaled to size 12.0011pt on input line 139.
LaTeX Font Info:    Font shape `TU/latinmodern-math.otf(2)/m/n' will be
(Font)              scaled to size 8.00073pt on input line 139.
LaTeX Font Info:    Font shape `TU/latinmodern-math.otf(2)/m/n' will be
(Font)              scaled to size 6.00055pt on input line 139.
LaTeX Font Info:    Font shape `TU/latinmodern-math.otf(3)/m/n' will be
(Font)              scaled to size 11.99872pt on input line 139.
LaTeX Font Info:    Font shape `TU/latinmodern-math.otf(3)/m/n' will be
(Font)              scaled to size 7.99915pt on input line 139.
LaTeX Font Info:    Font shape `TU/latinmodern-math.otf(3)/m/n' will be
(Font)              scaled to size 5.99936pt on input line 139.
LaTeX Font Info:    Trying to load font information for U+msa on input line 139.
(/Users/user/Library/TinyTeX/texmf-dist/tex/latex/amsfonts/umsa.fd
File: umsa.fd 2013/01/14 v3.01 AMS symbols A
)
LaTeX Font Info:    Trying to load font information for U+msb on input line 139.
(/Users/user/Library/TinyTeX/texmf-dist/tex/latex/amsfonts/umsb.fd
File: umsb.fd 2013/01/14 v3.01 AMS symbols B
)

[1

]

[2]

[3]

[4]

[5]

[6]

[7]

[8]
Overfull \hbox (301.99498pt too wide) in paragraph at lines 685--685
[]\TU/lmtt/m/n/10 ##  $ my_id                                   : chr  "2017_02_ARI_IND_989" "2017_05_ARI_PHI_2957" "2017_05_ARI_PHI_3074" "2017_05_ARI_PHI_3166" ...[] 
 []


Overfull \hbox (60.49498pt too wide) in paragraph at lines 685--685
[]\TU/lmtt/m/n/10 ##  $ vegas_wp                                : num  0.473226 0.001099 0.001093 0.000744 0.087959 ...[] 
 []


Overfull \hbox (2.74498pt too wide) in paragraph at lines 685--685
[]\TU/lmtt/m/n/10 ##  $ total_line                              : num  44 45 45 45 45.5 45.5 39 39 38 40 ...[] 
 []


Overfull \hbox (139.24498pt too wide) in paragraph at lines 685--685
[]\TU/lmtt/m/n/10 ##  $ overall_win_pct                         : num  0.625 0.625 0.625 0.625 0.625 0.625 0.375 0.375 0.625 0.625 ...[] 
 []


Overfull \hbox (128.74498pt too wide) in paragraph at lines 685--685
[]\TU/lmtt/m/n/10 ##  $ team_win_pct                            : num  0.387 0.387 0.387 0.387 0.387 0.387 0.31 0.31 0.387 0.387 ...[] 
 []


Overfull \hbox (7.99498pt too wide) in paragraph at lines 685--685
[]\TU/lmtt/m/n/10 ##  $ prev_iform_rate                         : num  0.0412 0.0412 0.0412 0.0412 0.0412 ...[] 
 []



[9]
Overfull \hbox (139.24498pt too wide) in paragraph at lines 685--685
[]\TU/lmtt/m/n/10 ##  $ attendance_raw                          : int  63137 69596 69596 69596 73736 73736 70133 70133 71680 71026 ...[] 
 []


Overfull \hbox (55.24498pt too wide) in paragraph at lines 685--685
[]\TU/lmtt/m/n/10 ##  $ down1_pct                               : num  25.8 36 36 36 40.6 40.6 41.9 41.9 45.8 47.3 ...[] 
 []


Overfull \hbox (65.74498pt too wide) in paragraph at lines 685--685
[]\TU/lmtt/m/n/10 ##  $ down2_pct                               : num  35 31.5 31.5 31.5 35.7 35.7 37.2 37.2 38 39.6 ...[] 
 []


Overfull \hbox (81.49498pt too wide) in paragraph at lines 685--685
[]\TU/lmtt/m/n/10 ##  $ down3_pct                               : num  13.3 14.1 14.1 14.1 11.6 11.6 16.8 16.8 9.3 10.3 ...[] 
 []


Overfull \hbox (81.49498pt too wide) in paragraph at lines 685--685
[]\TU/lmtt/m/n/10 ##  $ down4_pct                               : num  100 33.3 33.3 33.3 14.3 14.3 42.9 42.9 16.7 23.1 ...[] 
 []



[10]

[11]

[12]
Overfull \hbox (370.24498pt too wide) in paragraph at lines 917--917
[]\TU/lmtt/m/n/10 ##  $ my_id                                                : chr  "2017_02_ARI_IND_1078" "2017_02_ARI_IND_1120" "2017_02_ARI_IND_115" "2017_02_ARI_IND_1541" ...[] 
 []


Overfull \hbox (13.24498pt too wide) in paragraph at lines 917--917
[]\TU/lmtt/m/n/10 ##  $ ydstogo                                              : int  1 1 15 9 11 6 7 2 2 16 ...[] 
 []


Overfull \hbox (49.99498pt too wide) in paragraph at lines 917--917
[]\TU/lmtt/m/n/10 ##  $ temp                                                 : int  70 70 70 70 70 70 70 70 70 70 ...[] 
 []


Overfull \hbox (44.74498pt too wide) in paragraph at lines 917--917
[]\TU/lmtt/m/n/10 ##  $ vegas_wp                                             : num  0.559 0.534 0.622 0.44 0.476 ...[] 
 []


Overfull \hbox (49.99498pt too wide) in paragraph at lines 917--917
[]\TU/lmtt/m/n/10 ##  $ spread_line                                          : num  -7 -7 -7 -7 -7 -7 -7 -7 -7 -7 ...[] 
 []


Overfull \hbox (49.99498pt too wide) in paragraph at lines 917--917
[]\TU/lmtt/m/n/10 ##  $ total_line                                           : num  44 44 44 44 44 44 44 44 44 44 ...[] 
 []


Overfull \hbox (154.99498pt too wide) in paragraph at lines 917--917
[]\TU/lmtt/m/n/10 ##  $ down1_pct                                            : num  63.6 63.6 25.8 25.8 63.6 63.6 63.6 25.8 63.6 25.8 ...[] 
 []


Overfull \hbox (49.99498pt too wide) in paragraph at lines 917--917
[]\TU/lmtt/m/n/10 ##  $ down2_pct                                            : num  60 60 35 35 60 60 60 35 60 35 ...[] 
 []


Overfull \hbox (60.49498pt too wide) in paragraph at lines 917--917
[]\TU/lmtt/m/n/10 ##  $ down3_pct                                            : num  0 0 13.3 13.3 0 0 0 13.3 0 13.3 ...[] 
 []


Overfull \hbox (39.49498pt too wide) in paragraph at lines 917--917
[]\TU/lmtt/m/n/10 ##  $ down4_pct                                            : num  0 0 100 100 0 0 0 100 0 100 ...[] 
 []


Overfull \hbox (207.49498pt too wide) in paragraph at lines 917--917
[]\TU/lmtt/m/n/10 ##  $ overall_win_pct                                      : num  0.375 0.375 0.625 0.625 0.375 0.375 0.375 0.625 0.375 0.625 ...[] 
 []


Overfull \hbox (207.49498pt too wide) in paragraph at lines 917--917
[]\TU/lmtt/m/n/10 ##  $ team_win_pct                                         : num  0.401 0.401 0.387 0.387 0.401 0.401 0.401 0.387 0.401 0.387 ...[] 
 []


Overfull \hbox (18.49498pt too wide) in paragraph at lines 917--917
[]\TU/lmtt/m/n/10 ##  $ prev_win_pct                                         : num  0.5 0.5 0.469 0.469 0.5 ...[] 
 []


Overfull \hbox (49.99498pt too wide) in paragraph at lines 917--917
[]\TU/lmtt/m/n/10 ##  $ prev_shotgun_rate                                    : num  0.487 0.487 0.327 0.327 0.487 ...[] 
 []


Overfull \hbox (49.99498pt too wide) in paragraph at lines 917--917
[]\TU/lmtt/m/n/10 ##  $ prev_singleback_rate                                 : num  0.236 0.236 0.427 0.427 0.236 ...[] 
 []


Overfull \hbox (39.49498pt too wide) in paragraph at lines 917--917
[]\TU/lmtt/m/n/10 ##  $ prev_empty_rate                                      : num  0.106 0.106 0.17 0.17 0.106 ...[] 
 []


Overfull \hbox (76.24498pt too wide) in paragraph at lines 917--917
[]\TU/lmtt/m/n/10 ##  $ prev_iform_rate                                      : num  0.1475 0.1475 0.0412 0.0412 0.1475 ...[] 
 []


Overfull \hbox (49.99498pt too wide) in paragraph at lines 917--917
[]\TU/lmtt/m/n/10 ##  $ prev_shotgun_success                                 : num  0.335 0.335 0.312 0.312 0.335 ...[] 
 []


Overfull \hbox (49.99498pt too wide) in paragraph at lines 917--917
[]\TU/lmtt/m/n/10 ##  $ prev_singleback_success                              : num  0.273 0.273 0.296 0.296 0.273 ...[] 
 []



[13]
Overfull \hbox (49.99498pt too wide) in paragraph at lines 917--917
[]\TU/lmtt/m/n/10 ##  $ prev_empty_success                                   : num  0.364 0.364 0.319 0.319 0.364 ...[] 
 []


Overfull \hbox (49.99498pt too wide) in paragraph at lines 917--917
[]\TU/lmtt/m/n/10 ##  $ prev_iform_success                                   : num  0.268 0.268 0.227 0.227 0.268 ...[] 
 []


Overfull \hbox (49.99498pt too wide) in paragraph at lines 917--917
[]\TU/lmtt/m/n/10 ##  $ prev_stop_rate_run                                   : num  0.775 0.775 0.761 0.761 0.775 ...[] 
 []


Overfull \hbox (49.99498pt too wide) in paragraph at lines 917--917
[]\TU/lmtt/m/n/10 ##  $ prev_stop_rate_pass                                  : num  0.706 0.706 0.631 0.631 0.706 ...[] 
 []


Overfull \hbox (7.99498pt too wide) in paragraph at lines 917--917
[]\TU/lmtt/m/n/10 ##  $ shotgun_rate                                         : num  0.641 0.641 0 0 0.641 ...[] 
 []


Overfull \hbox (23.74498pt too wide) in paragraph at lines 917--917
[]\TU/lmtt/m/n/10 ##  $ singleback_rate                                      : num  0.0442 0.0442 1 1 0.0442 ...[] 
 []


Overfull \hbox (23.74498pt too wide) in paragraph at lines 917--917
[]\TU/lmtt/m/n/10 ##  $ empty_rate                                           : num  0.0413 0.0413 0 0 0.0413 ...[] 
 []


Overfull \hbox (7.99498pt too wide) in paragraph at lines 917--917
[]\TU/lmtt/m/n/10 ##  $ iform_rate                                           : num  0.231 0.231 0 0 0.231 ...[] 
 []


Overfull \hbox (49.99498pt too wide) in paragraph at lines 917--917
[]\TU/lmtt/m/n/10 ##  $ shotgun_success                                      : num  0.153 0.153 0.374 0.368 0.153 ...[] 
 []


Overfull \hbox (91.99498pt too wide) in paragraph at lines 917--917
[]\TU/lmtt/m/n/10 ##  $ singleback_success                                   : num  0.68 0.68 1 1 0.68 0.68 0.68 1 0.68 1 ...[] 
 []


Overfull \hbox (39.49498pt too wide) in paragraph at lines 917--917
[]\TU/lmtt/m/n/10 ##  $ empty_success                                        : num  0.145 0.185 0.02 0.02 0.105 ...[] 
 []


Overfull \hbox (23.74498pt too wide) in paragraph at lines 917--917
[]\TU/lmtt/m/n/10 ##  $ iform_success                                        : num  0.12 0.12 0.04 0.04 0.12 ...[] 
 []


Overfull \hbox (28.99498pt too wide) in paragraph at lines 917--917
[]\TU/lmtt/m/n/10 ##  $ def_stop_rate_run                                    : num  0.852 0.852 0.8 0.8 0.852 ...[] 
 []


Overfull \hbox (49.99498pt too wide) in paragraph at lines 917--917
[]\TU/lmtt/m/n/10 ##  $ def_stop_rate_pass                                   : num  0.659 0.659 0.581 0.581 0.659 ...[] 
 []


Overfull \hbox (23.74498pt too wide) in paragraph at lines 917--917
[]\TU/lmtt/m/n/10 ##  $ avg_pass_rushers                                     : num  4.17 4.17 3.87 3.87 4.17 ...[] 
 []


Overfull \hbox (23.74498pt too wide) in paragraph at lines 917--917
[]\TU/lmtt/m/n/10 ##  $ avg_box_defenders                                    : num  6.27 6.27 6.48 6.48 6.27 ...[] 
 []


Overfull \hbox (23.74498pt too wide) in paragraph at lines 917--917
[]\TU/lmtt/m/n/10 ##  $ p_player_26_punting_grades_grades_punter_12w         : num  59.5 59.5 61.5 61.5 59.5 ...[] 
 []


Overfull \hbox (23.74498pt too wide) in paragraph at lines 917--917
[]\TU/lmtt/m/n/10 ##  $ k_player_25_field_goals_grades_grades_fgep_kicker_12w: num  57.4 57.4 59.9 59.9 57.4 ...[] 
 []


Overfull \hbox (23.74498pt too wide) in paragraph at lines 917--917
[]\TU/lmtt/m/n/10 ##  $ starter_QB_grades_pass_12w                           : num  50.3 50.3 69.2 69.2 50.3 ...[] 
 []


Overfull \hbox (23.74498pt too wide) in paragraph at lines 917--917
[]\TU/lmtt/m/n/10 ##  $ starter_WR2_grades_offense_12w                       : num  65.7 65.7 69.3 69.3 65.7 ...[] 
 []


Overfull \hbox (23.74498pt too wide) in paragraph at lines 917--917
[]\TU/lmtt/m/n/10 ##  $ starter_WR3_grades_offense_12w                       : num  62.5 62.5 63.8 63.8 62.5 ...[] 
 []


Overfull \hbox (23.74498pt too wide) in paragraph at lines 917--917
[]\TU/lmtt/m/n/10 ##  $ starter_TE1_grades_offense_12w                       : num  69.5 69.5 44.6 44.6 69.5 ...[] 
 []


Overfull \hbox (23.74498pt too wide) in paragraph at lines 917--917
[]\TU/lmtt/m/n/10 ##  $ starter_OL1_grades_offense_12w                       : num  62.1 62.1 63.5 63.5 62.1 ...[] 
 []


Overfull \hbox (23.74498pt too wide) in paragraph at lines 917--917
[]\TU/lmtt/m/n/10 ##  $ starter_OL2_grades_offense_12w                       : num  58.9 58.9 60.8 60.8 58.9 ...[] 
 []


Overfull \hbox (23.74498pt too wide) in paragraph at lines 917--917
[]\TU/lmtt/m/n/10 ##  $ starter_OL3_grades_offense_12w                       : num  51.3 51.3 62.2 62.2 51.3 ...[] 
 []


Overfull \hbox (2.74498pt too wide) in paragraph at lines 917--917
[]\TU/lmtt/m/n/10 ##  $ starter_OL4_grades_offense_12w                       : num  71.5 71.5 65 65 71.5 ...[] 
 []


Overfull \hbox (23.74498pt too wide) in paragraph at lines 917--917
[]\TU/lmtt/m/n/10 ##  $ starter_OL5_grades_offense_12w                       : num  61.8 61.8 62.6 62.6 61.8 ...[] 
 []


Overfull \hbox (23.74498pt too wide) in paragraph at lines 917--917
[]\TU/lmtt/m/n/10 ##  $ starter_DL1_grades_run_defense_12w                   : num  57.1 57.1 61.4 61.4 57.1 ...[] 
 []


Overfull \hbox (23.74498pt too wide) in paragraph at lines 917--917
[]\TU/lmtt/m/n/10 ##  $ starter_DL1_grades_pass_rush_defense_12w             : num  58.6 58.6 59.4 59.4 58.6 ...[] 
 []


Overfull \hbox (23.74498pt too wide) in paragraph at lines 917--917
[]\TU/lmtt/m/n/10 ##  $ starter_DL2_grades_run_defense_12w                   : num  59.7 59.7 68.2 68.2 59.7 ...[] 
 []


Overfull \hbox (23.74498pt too wide) in paragraph at lines 917--917
[]\TU/lmtt/m/n/10 ##  $ starter_DL2_grades_pass_rush_defense_12w             : num  55.8 55.8 59.8 59.8 55.8 ...[] 
 []


Overfull \hbox (23.74498pt too wide) in paragraph at lines 917--917
[]\TU/lmtt/m/n/10 ##  $ starter_DL3_grades_run_defense_12w                   : num  65.4 65.4 60.8 60.8 65.4 ...[] 
 []


Overfull \hbox (23.74498pt too wide) in paragraph at lines 917--917
[]\TU/lmtt/m/n/10 ##  $ starter_DL3_grades_pass_rush_defense_12w             : num  60.2 60.2 57.3 57.3 60.2 ...[] 
 []


Overfull \hbox (23.74498pt too wide) in paragraph at lines 917--917
[]\TU/lmtt/m/n/10 ##  $ starter_DL4_grades_run_defense_12w                   : num  62.9 62.9 64.3 64.3 62.9 ...[] 
 []


Overfull \hbox (23.74498pt too wide) in paragraph at lines 917--917
[]\TU/lmtt/m/n/10 ##  $ starter_DL4_grades_pass_rush_defense_12w             : num  68.3 68.3 60.3 60.3 68.3 ...[] 
 []


Overfull \hbox (23.74498pt too wide) in paragraph at lines 917--917
[]\TU/lmtt/m/n/10 ##  $ starter_LB1_grades_run_defense_12w                   : num  60.4 60.4 63.4 63.4 60.4 ...[] 
 []


Overfull \hbox (23.74498pt too wide) in paragraph at lines 917--917
[]\TU/lmtt/m/n/10 ##  $ starter_LB1_man_grades_coverage_defense_12w          : num  53.9 53.9 61.9 61.9 53.9 ...[] 
 []


Overfull \hbox (23.74498pt too wide) in paragraph at lines 917--917
[]\TU/lmtt/m/n/10 ##  $ starter_LB1_zone_grades_coverage_defense_12w         : num  63.3 63.3 56.4 56.4 63.3 ...[] 
 []


Overfull \hbox (23.74498pt too wide) in paragraph at lines 917--917
[]\TU/lmtt/m/n/10 ##  $ starter_LB2_man_grades_coverage_defense_12w          : num  64.6 64.6 43.1 43.1 64.6 ...[] 
 []


Overfull \hbox (154.99498pt too wide) in paragraph at lines 917--917
[]\TU/lmtt/m/n/10 ##  $ starter_LB2_zone_grades_coverage_defense_12w         : num  66.9 66.9 47.8 47.8 66.9 66.9 66.9 47.8 66.9 47.8 ...[] 
 []



[14]
Overfull \hbox (23.74498pt too wide) in paragraph at lines 917--917
[]\TU/lmtt/m/n/10 ##  $ starter_LB4_grades_run_defense_12w                   : num  61.3 61.3 63.5 63.5 61.3 ...[] 
 []


Overfull \hbox (23.74498pt too wide) in paragraph at lines 917--917
[]\TU/lmtt/m/n/10 ##  $ starter_LB4_man_grades_coverage_defense_12w          : num  60.2 60.2 60.9 60.9 60.2 ...[] 
 []


Overfull \hbox (23.74498pt too wide) in paragraph at lines 917--917
[]\TU/lmtt/m/n/10 ##  $ starter_CB1_grades_run_defense_12w                   : num  56.6 56.6 62.7 62.7 56.6 ...[] 
 []


Overfull \hbox (23.74498pt too wide) in paragraph at lines 917--917
[]\TU/lmtt/m/n/10 ##  $ starter_CB1_man_grades_coverage_defense_12w          : num  53.4 53.4 54.5 54.5 53.4 ...[] 
 []


Overfull \hbox (2.74498pt too wide) in paragraph at lines 917--917
[]\TU/lmtt/m/n/10 ##  $ starter_CB1_zone_grades_coverage_defense_12w         : num  68.2 68.2 64 64 68.2 ...[] 
 []


Overfull \hbox (23.74498pt too wide) in paragraph at lines 917--917
[]\TU/lmtt/m/n/10 ##  $ starter_CB2_man_grades_coverage_defense_12w          : num  64.6 64.6 66.4 66.4 64.6 ...[] 
 []


Overfull \hbox (23.74498pt too wide) in paragraph at lines 917--917
[]\TU/lmtt/m/n/10 ##  $ starter_CB2_zone_grades_coverage_defense_12w         : num  66.2 66.2 47.9 47.9 66.2 ...[] 
 []


Overfull \hbox (91.99498pt too wide) in paragraph at lines 917--917
[]\TU/lmtt/m/n/10 ##  $ starter_CB3_zone_grades_coverage_defense_12w         : num  65.4 65.4 0 0 65.4 65.4 65.4 0 65.4 0 ...[] 
 []


Overfull \hbox (23.74498pt too wide) in paragraph at lines 917--917
[]\TU/lmtt/m/n/10 ##  $ starter_S1_grades_run_defense_12w                    : num  60.6 60.6 57.6 57.6 60.6 ...[] 
 []


Overfull \hbox (23.74498pt too wide) in paragraph at lines 917--917
[]\TU/lmtt/m/n/10 ##  $ starter_S1_man_grades_coverage_defense_12w           : num  59.3 59.3 66.3 66.3 59.3 ...[] 
 []


Overfull \hbox (23.74498pt too wide) in paragraph at lines 917--917
[]\TU/lmtt/m/n/10 ##  $ starter_S1_zone_grades_coverage_defense_12w          : num  58.9 58.9 63.5 63.5 58.9 ...[] 
 []


Overfull \hbox (23.74498pt too wide) in paragraph at lines 917--917
[]\TU/lmtt/m/n/10 ##  $ starter_S2_grades_run_defense_12w                    : num  59.4 59.4 70.5 70.5 59.4 ...[] 
 []


Overfull \hbox (23.74498pt too wide) in paragraph at lines 917--917
[]\TU/lmtt/m/n/10 ##  $ starter_S2_man_grades_coverage_defense_12w           : num  56.1 56.1 61.4 61.4 56.1 ...[] 
 []

LaTeX Font Info:    Font shape `TU/latinmodern-math.otf(1)/m/n' will be
(Font)              scaled to size 5.0pt on input line 965.
LaTeX Font Info:    Font shape `TU/latinmodern-math.otf(2)/m/n' will be
(Font)              scaled to size 5.00046pt on input line 965.
LaTeX Font Info:    Font shape `TU/latinmodern-math.otf(3)/m/n' will be
(Font)              scaled to size 4.99947pt on input line 965.

Overfull \hbox (10.7298pt too wide) in paragraph at lines 965--965
 []|[]| 
 []


Overfull \hbox (8.76785pt too wide) in paragraph at lines 965--965
 []|[]| 
 []


Overfull \hbox (9.94682pt too wide) in paragraph at lines 965--965
 []|[]| 
 []


Overfull \hbox (15.41216pt too wide) in paragraph at lines 965--965
 []|[]| 
 []


Overfull \hbox (7.19884pt too wide) in paragraph at lines 965--965
 []|[]| 
 []


Overfull \hbox (15.73732pt too wide) in paragraph at lines 965--965
 []|[]| 
 []


Overfull \hbox (13.7442pt too wide) in paragraph at lines 965--965
 []|[]| 
 []


Overfull \hbox (15.81691pt too wide) in paragraph at lines 965--965
 []|[]| 
 []


Overfull \hbox (18.31606pt too wide) in paragraph at lines 965--965
 []|[]| 
 []


Overfull \hbox (19.1092pt too wide) in paragraph at lines 965--965
 []|[]| 
 []


Overfull \hbox (17.11609pt too wide) in paragraph at lines 965--965
 []|[]| 
 []


Overfull \hbox (19.1888pt too wide) in paragraph at lines 965--965
 []|[]| 
 []


Overfull \hbox (18.31606pt too wide) in paragraph at lines 965--965
 []|[]| 
 []


Overfull \hbox (19.1092pt too wide) in paragraph at lines 965--965
 []|[]| 
 []


Overfull \hbox (17.11609pt too wide) in paragraph at lines 965--965
 []|[]| 
 []


Overfull \hbox (19.1888pt too wide) in paragraph at lines 965--965
 []|[]| 
 []


Overfull \hbox (18.31606pt too wide) in paragraph at lines 965--965
 []|[]| 
 []


Overfull \hbox (19.1092pt too wide) in paragraph at lines 965--965
 []|[]| 
 []


Overfull \hbox (17.11609pt too wide) in paragraph at lines 965--965
 []|[]| 
 []


Overfull \hbox (19.1888pt too wide) in paragraph at lines 965--965
 []|[]| 
 []


Overfull \hbox (17.04973pt too wide) in paragraph at lines 965--965
 []|[]| 
 []


Overfull \hbox (16.6181pt too wide) in paragraph at lines 965--965
 []|[]| 
 []


Overfull \hbox (17.41125pt too wide) in paragraph at lines 965--965
 []|[]| 
 []


Overfull \hbox (15.41815pt too wide) in paragraph at lines 965--965
 []|[]| 
 []


Overfull \hbox (17.49084pt too wide) in paragraph at lines 965--965
 []|[]| 
 []


Overfull \hbox (17.11726pt too wide) in paragraph at lines 965--965
 []|[]| 
 []


Overfull \hbox (16.64928pt too wide) in paragraph at lines 965--965
 []|[]| 
 []


Overfull \hbox (17.11726pt too wide) in paragraph at lines 965--965
 []|[]| 
 []


Overfull \hbox (16.64928pt too wide) in paragraph at lines 965--965
 []|[]| 
 []


Overfull \hbox (17.11726pt too wide) in paragraph at lines 965--965
 []|[]| 
 []


Overfull \hbox (16.64928pt too wide) in paragraph at lines 965--965
 []|[]| 
 []


Overfull \hbox (17.11726pt too wide) in paragraph at lines 965--965
 []|[]| 
 []


Overfull \hbox (16.64928pt too wide) in paragraph at lines 965--965
 []|[]| 
 []


Overfull \hbox (17.11726pt too wide) in paragraph at lines 965--965
 []|[]| 
 []


Overfull \hbox (16.64928pt too wide) in paragraph at lines 965--965
 []|[]| 
 []


Overfull \hbox (3.28308pt too wide) in paragraph at lines 965--965
 []|\TU/lmr/m/n/6 2451| 
 []


Overfull \hbox (3.28308pt too wide) in paragraph at lines 965--965
 []|\TU/lmr/m/n/6 2800| 
 []


Overfull \hbox (3.28308pt too wide) in paragraph at lines 965--965
 []|\TU/lmr/m/n/6 1322| 
 []


Overfull \hbox (3.28308pt too wide) in paragraph at lines 965--965
 []|\TU/lmr/m/n/6 1495| 
 []


Overfull \hbox (3.28308pt too wide) in paragraph at lines 965--965
 []|\TU/lmr/m/n/6 1582| 
 []


Overfull \hbox (3.28308pt too wide) in paragraph at lines 965--965
 []|\TU/lmr/m/n/6 1713| 
 []


Overfull \hbox (3.28308pt too wide) in paragraph at lines 965--965
 []|\TU/lmr/m/n/6 1014| 
 []


Overfull \hbox (38.38689pt too wide) in paragraph at lines 965--965
[]|\TU/lmr/bx/n/6 STARTER_DIVIDER|  
 []


Overfull \hbox (3.28308pt too wide) in paragraph at lines 965--965
 []|\TU/lmr/m/n/6 2424| 
 []


Overfull \hbox (3.28308pt too wide) in paragraph at lines 965--965
 []|\TU/lmr/m/n/6 2801| 
 []


Overfull \hbox (31.91289pt too wide) in paragraph at lines 965--965
[]|\TU/lmr/bx/n/6 SELECT_DIVIDER|  
 []


Overfull \hbox (3.28308pt too wide) in paragraph at lines 965--965
 []|\TU/lmr/m/n/6 1811| 
 []


Overfull \hbox (3.28308pt too wide) in paragraph at lines 965--965
 []|\TU/lmr/m/n/6 1762| 
 []


Overfull \hbox (3.28308pt too wide) in paragraph at lines 965--965
 []|\TU/lmr/m/n/6 1474| 
 []


Overfull \hbox (6.94908pt too wide) in paragraph at lines 965--965
 []|\TU/lmr/m/n/6 15373| 
 []


Overfull \hbox (6.94908pt too wide) in paragraph at lines 965--965
 []|\TU/lmr/m/n/6 18398| 
 []


Overfull \hbox (3.28308pt too wide) in paragraph at lines 965--965
 []|\TU/lmr/m/n/6 1495| 
 []


Overfull \hbox (3.28308pt too wide) in paragraph at lines 965--965
 []|\TU/lmr/m/n/6 1805| 
 []


Overfull \hbox (3.28308pt too wide) in paragraph at lines 965--965
 []|\TU/lmr/m/n/6 2781| 
 []


Overfull \hbox (3.28308pt too wide) in paragraph at lines 965--965
 []|\TU/lmr/m/n/6 1566| 
 []


Overfull \hbox (3.28308pt too wide) in paragraph at lines 965--965
 []|\TU/lmr/m/n/6 5050| 
 []



[15]

[16]
Overfull \hbox (17.01749pt too wide) in paragraph at lines 1014--1014
 []|[]| 
 []


Overfull \hbox (20.05pt too wide) in paragraph at lines 1014--1014
 []|[]| 
 []


Overfull \hbox (17.01749pt too wide) in paragraph at lines 1014--1014
 []|[]| 
 []


Overfull \hbox (20.05pt too wide) in paragraph at lines 1014--1014
 []|[]| 
 []


Overfull \hbox (17.01749pt too wide) in paragraph at lines 1014--1014
 []|[]| 
 []


Overfull \hbox (20.05pt too wide) in paragraph at lines 1014--1014
 []|[]| 
 []


Overfull \hbox (17.01749pt too wide) in paragraph at lines 1014--1014
 []|[]| 
 []


Overfull \hbox (20.05pt too wide) in paragraph at lines 1014--1014
 []|[]| 
 []


Overfull \hbox (16.7925pt too wide) in paragraph at lines 1014--1014
 []|[]| 
 []


Overfull \hbox (17.96625pt too wide) in paragraph at lines 1014--1014
 []|[]| 
 []


Overfull \hbox (18.58722pt too wide) in paragraph at lines 1014--1014
 []|[]| 
 []


Overfull \hbox (16.7925pt too wide) in paragraph at lines 1014--1014
 []|[]| 
 []


Overfull \hbox (17.96625pt too wide) in paragraph at lines 1014--1014
 []|[]| 
 []


Overfull \hbox (18.58722pt too wide) in paragraph at lines 1014--1014
 []|[]| 
 []


Overfull \hbox (16.7925pt too wide) in paragraph at lines 1014--1014
 []|[]| 
 []


Overfull \hbox (17.96625pt too wide) in paragraph at lines 1014--1014
 []|[]| 
 []


Overfull \hbox (18.58722pt too wide) in paragraph at lines 1014--1014
 []|[]| 
 []


Overfull \hbox (16.7925pt too wide) in paragraph at lines 1014--1014
 []|[]| 
 []


Overfull \hbox (17.96625pt too wide) in paragraph at lines 1014--1014
 []|[]| 
 []


Overfull \hbox (18.58722pt too wide) in paragraph at lines 1014--1014
 []|[]| 
 []


Overfull \hbox (17.29947pt too wide) in paragraph at lines 1014--1014
 []|[]| 
 []


Overfull \hbox (18.47324pt too wide) in paragraph at lines 1014--1014
 []|[]| 
 []


Overfull \hbox (19.09421pt too wide) in paragraph at lines 1014--1014
 []|[]| 
 []


Overfull \hbox (17.29947pt too wide) in paragraph at lines 1014--1014
 []|[]| 
 []


Overfull \hbox (18.47324pt too wide) in paragraph at lines 1014--1014
 []|[]| 
 []


Overfull \hbox (19.09421pt too wide) in paragraph at lines 1014--1014
 []|[]| 
 []


Overfull \hbox (17.29947pt too wide) in paragraph at lines 1014--1014
 []|[]| 
 []


Overfull \hbox (18.47324pt too wide) in paragraph at lines 1014--1014
 []|[]| 
 []


Overfull \hbox (19.09421pt too wide) in paragraph at lines 1014--1014
 []|[]| 
 []


Overfull \hbox (13.70258pt too wide) in paragraph at lines 1014--1014
 []|[]| 
 []


Overfull \hbox (14.87634pt too wide) in paragraph at lines 1014--1014
 []|[]| 
 []


Overfull \hbox (15.49731pt too wide) in paragraph at lines 1014--1014
 []|[]| 
 []


Overfull \hbox (13.70258pt too wide) in paragraph at lines 1014--1014
 []|[]| 
 []


Overfull \hbox (14.87634pt too wide) in paragraph at lines 1014--1014
 []|[]| 
 []


Overfull \hbox (15.49731pt too wide) in paragraph at lines 1014--1014
 []|[]| 
 []


Overfull \hbox (13.70258pt too wide) in paragraph at lines 1014--1014
 []|[]| 
 []


Overfull \hbox (14.87634pt too wide) in paragraph at lines 1014--1014
 []|[]| 
 []


Overfull \hbox (15.49731pt too wide) in paragraph at lines 1014--1014
 []|[]| 
 []


Overfull \hbox (3.28308pt too wide) in paragraph at lines 1014--1014
 []|\TU/lmr/m/n/6 1065| 
 []


Overfull \hbox (3.28308pt too wide) in paragraph at lines 1014--1014
 []|\TU/lmr/m/n/6 1061| 
 []


Overfull \hbox (3.28308pt too wide) in paragraph at lines 1014--1014
 []|\TU/lmr/m/n/6 2053| 
 []


Overfull \hbox (3.28308pt too wide) in paragraph at lines 1014--1014
 []|\TU/lmr/m/n/6 2052| 
 []


Overfull \hbox (3.28308pt too wide) in paragraph at lines 1014--1014
 []|\TU/lmr/m/n/6 1706| 
 []


Overfull \hbox (3.28308pt too wide) in paragraph at lines 1014--1014
 []|\TU/lmr/m/n/6 1921| 
 []


Overfull \hbox (3.28308pt too wide) in paragraph at lines 1014--1014
 []|\TU/lmr/m/n/6 1759| 
 []


Overfull \hbox (3.28308pt too wide) in paragraph at lines 1014--1014
 []|\TU/lmr/m/n/6 2975| 
 []


Overfull \hbox (3.28308pt too wide) in paragraph at lines 1014--1014
 []|\TU/lmr/m/n/6 3133| 
 []


Overfull \hbox (3.28308pt too wide) in paragraph at lines 1014--1014
 []|\TU/lmr/m/n/6 3018| 
 []


Overfull \hbox (3.28308pt too wide) in paragraph at lines 1014--1014
 []|\TU/lmr/m/n/6 1585| 
 []


Overfull \hbox (3.28308pt too wide) in paragraph at lines 1014--1014
 []|\TU/lmr/m/n/6 1585| 
 []


Overfull \hbox (3.28308pt too wide) in paragraph at lines 1014--1014
 []|\TU/lmr/m/n/6 1573| 
 []


Overfull \hbox (3.28308pt too wide) in paragraph at lines 1014--1014
 []|\TU/lmr/m/n/6 3047| 
 []


Overfull \hbox (3.28308pt too wide) in paragraph at lines 1014--1014
 []|\TU/lmr/m/n/6 3049| 
 []


Overfull \hbox (3.28308pt too wide) in paragraph at lines 1014--1014
 []|\TU/lmr/m/n/6 3041| 
 []


Overfull \hbox (38.38689pt too wide) in paragraph at lines 1014--1014
[]|\TU/lmr/bx/n/6 STARTER_DIVIDER|  
 []


Overfull \hbox (31.91289pt too wide) in paragraph at lines 1014--1014
[]|\TU/lmr/bx/n/6 SELECT_DIVIDER|  
 []


Overfull \hbox (3.28308pt too wide) in paragraph at lines 1014--1014
 []|\TU/lmr/m/n/6 1074| 
 []


Overfull \hbox (3.28308pt too wide) in paragraph at lines 1014--1014
 []|\TU/lmr/m/n/6 1094| 
 []


Overfull \hbox (3.28308pt too wide) in paragraph at lines 1014--1014
 []|\TU/lmr/m/n/6 1702| 
 []


Overfull \hbox (3.28308pt too wide) in paragraph at lines 1014--1014
 []|\TU/lmr/m/n/6 2063| 
 []


Overfull \hbox (3.28308pt too wide) in paragraph at lines 1014--1014
 []|\TU/lmr/m/n/6 4982| 
 []


Overfull \hbox (3.28308pt too wide) in paragraph at lines 1014--1014
 []|\TU/lmr/m/n/6 3398| 
 []


Overfull \hbox (3.28308pt too wide) in paragraph at lines 1014--1014
 []|\TU/lmr/m/n/6 1438| 
 []


Overfull \hbox (3.28308pt too wide) in paragraph at lines 1014--1014
 []|\TU/lmr/m/n/6 1823| 
 []


Overfull \hbox (3.28308pt too wide) in paragraph at lines 1014--1014
 []|\TU/lmr/m/n/6 1460| 
 []


Overfull \hbox (3.28308pt too wide) in paragraph at lines 1014--1014
 []|\TU/lmr/m/n/6 2964| 
 []


Overfull \hbox (3.28308pt too wide) in paragraph at lines 1014--1014
 []|\TU/lmr/m/n/6 3780| 
 []


Overfull \hbox (3.28308pt too wide) in paragraph at lines 1014--1014
 []|\TU/lmr/m/n/6 3036| 
 []


Overfull \hbox (8.79803pt too wide) in paragraph at lines 1050--1050
 []|[]| 
 []


Overfull \hbox (2.99423pt too wide) in paragraph at lines 1050--1050
 []|[]| 
 []


Overfull \hbox (13.05754pt too wide) in paragraph at lines 1050--1050
 []|[]| 
 []


Overfull \hbox (14.11397pt too wide) in paragraph at lines 1050--1050
 []|[]| 
 []


Overfull \hbox (23.23122pt too wide) in paragraph at lines 1050--1050
 []|[]| 
 []


Overfull \hbox (11.90782pt too wide) in paragraph at lines 1050--1050
 []|[]| 
 []


Overfull \hbox (6.69373pt too wide) in paragraph at lines 1050--1050
 []|[]| 
 []


Overfull \hbox (15.81946pt too wide) in paragraph at lines 1050--1050
 []|[]| 
 []


Overfull \hbox (14.77579pt too wide) in paragraph at lines 1050--1050
 []|[]| 
 []


Overfull \hbox (31.91289pt too wide) in paragraph at lines 1050--1050
[]|\TU/lmr/bx/n/6 SELECT_DIVIDER|  
 []



[17] (./summary_stats_all.aux)
 ***********
LaTeX2e <2024-11-01> patch level 2
L3 programming layer <2025-01-18>
 ***********

LaTeX Warning: There were multiply-defined labels.

 ) 
Here is how much of TeX's memory you used:
 24573 strings out of 475848
 483695 string characters out of 5774456
 1409470 words of memory out of 5000000
 47201 multiletter control sequences out of 15000+600000
 563508 words of font info for 77 fonts, out of 8000000 for 9000
 14 hyphenation exceptions out of 8191
 90i,14n,117p,1551b,1064s stack positions out of 10000i,1000n,20000p,200000b,200000s

Output written on summary_stats_all.pdf (17 pages).
